<?xml version="1.0" encoding="UTF-8"?>
<testsuite name="MobilePhoneTest" tests="1" skipped="0" failures="0" errors="0" timestamp="2022-03-14T07:44:39" hostname="maksim-Inspiron-5565" time="0.245">
  <properties/>
  <testcase name="addNewContact()" classname="MobilePhoneTest" time="0.245"/>
  <system-out><![CDATA[{"name":"Jack","number":"+79855310868"}
]]></system-out>
  <system-err><![CDATA[]]></system-err>
</testsuite>
